app/build/intermediates/manifest_merge_blame_file/debug/manifest-merger-blame-debug-report.txt
1<?xml version="1.0" encoding="utf-8"?>
2<manifest xmlns:android="http://schemas.android.com/apk/res/android"
3    package="com.gini.skilltest"
4    android:versionCode="1"
5    android:versionName="1.0" >
6
7    <uses-sdk
8        android:minSdkVersion="23"
8-->src/main/AndroidManifest.xml
9        android:targetSdkVersion="30" />
9-->src/main/AndroidManifest.xml
10
11    <uses-permission android:name="android.permission.INTERNET" />
11-->src/main/AndroidManifest.xml:4:5-66
11-->src/main/AndroidManifest.xml:4:22-64
12    <uses-permission android:name="android.permission.ACCESS_NETWORK_STATE" />
12-->[com.google.firebase:firebase-auth:20.0.2] AndroidManifest.xml:24:5-79
12-->[com.google.firebase:firebase-auth:20.0.2] AndroidManifest.xml:24:22-76
13
14    <application
14-->src/main/AndroidManifest.xml:5:5-19:19
15        android:allowBackup="true"
15-->src/main/AndroidManifest.xml:6:9-35
16        android:appComponentFactory="androidx.core.app.CoreComponentFactory"
16-->[androidx.core:core:1.3.2] AndroidManifest.xml:24:18-86
17        android:debuggable="true"
18        android:extractNativeLibs="false"
19        android:icon="@mipmap/ic_launcher"
19-->src/main/AndroidManifest.xml:7:9-43
20        android:label="@string/app_name"
20-->src/main/AndroidManifest.xml:8:9-41
21        android:roundIcon="@mipmap/ic_launcher_round"
21-->src/main/AndroidManifest.xml:9:9-54
22        android:supportsRtl="true"
22-->src/main/AndroidManifest.xml:10:9-35
23        android:testOnly="true"
24        android:theme="@style/AppTheme" >
24-->src/main/AndroidManifest.xml:11:9-40
25        <activity android:name="com.gini.skilltest.ui.main.view.MainActivity" >
25-->src/main/AndroidManifest.xml:12:9-18:20
25-->src/main/AndroidManifest.xml:12:19-60
26            <intent-filter>
26-->src/main/AndroidManifest.xml:13:13-17:29
27                <action android:name="android.intent.action.MAIN" />
27-->src/main/AndroidManifest.xml:14:17-69
27-->src/main/AndroidManifest.xml:14:25-66
28
29                <category android:name="android.intent.category.LAUNCHER" />
29-->src/main/AndroidManifest.xml:16:17-77
29-->src/main/AndroidManifest.xml:16:27-74
30            </intent-filter>
31        </activity>
32
33        <service
33-->[com.google.firebase:firebase-auth-ktx:20.0.2] AndroidManifest.xml:8:9-14:19
34            android:name="com.google.firebase.components.ComponentDiscoveryService"
34-->[com.google.firebase:firebase-auth-ktx:20.0.2] AndroidManifest.xml:9:13-84
35            android:directBootAware="true"
35-->[com.google.firebase:firebase-common:19.5.0] AndroidManifest.xml:35:13-43
36            android:exported="false" >
36-->[com.google.firebase:firebase-auth-ktx:20.0.2] AndroidManifest.xml:10:13-37
37            <meta-data
37-->[com.google.firebase:firebase-auth-ktx:20.0.2] AndroidManifest.xml:11:13-13:85
38                android:name="com.google.firebase.components:com.google.firebase.auth.ktx.FirebaseAuthKtxRegistrar"
38-->[com.google.firebase:firebase-auth-ktx:20.0.2] AndroidManifest.xml:12:17-116
39                android:value="com.google.firebase.components.ComponentRegistrar" />
39-->[com.google.firebase:firebase-auth-ktx:20.0.2] AndroidManifest.xml:13:17-82
40            <meta-data
40-->[com.google.firebase:firebase-common-ktx:19.5.0] AndroidManifest.xml:15:13-17:85
41                android:name="com.google.firebase.components:com.google.firebase.ktx.FirebaseCommonKtxRegistrar"
41-->[com.google.firebase:firebase-common-ktx:19.5.0] AndroidManifest.xml:16:17-113
42                android:value="com.google.firebase.components.ComponentRegistrar" />
42-->[com.google.firebase:firebase-common-ktx:19.5.0] AndroidManifest.xml:17:17-82
43            <meta-data
43-->[com.google.firebase:firebase-auth:20.0.2] AndroidManifest.xml:77:13-79:85
44                android:name="com.google.firebase.components:com.google.firebase.auth.FirebaseAuthRegistrar"
44-->[com.google.firebase:firebase-auth:20.0.2] AndroidManifest.xml:78:17-109
45                android:value="com.google.firebase.components.ComponentRegistrar" />
45-->[com.google.firebase:firebase-auth:20.0.2] AndroidManifest.xml:79:17-82
46            <!--
47                This registrar is not defined in the dynamic-module-support sdk itself to allow non-firebase
48                clients to use it as well, by defining this registrar in their own core/common library.
49            -->
50            <meta-data
50-->[com.google.firebase:firebase-common:19.5.0] AndroidManifest.xml:43:13-45:85
51                android:name="com.google.firebase.components:com.google.firebase.dynamicloading.DynamicLoadingRegistrar"
51-->[com.google.firebase:firebase-common:19.5.0] AndroidManifest.xml:44:17-121
52                android:value="com.google.firebase.components.ComponentRegistrar" />
52-->[com.google.firebase:firebase-common:19.5.0] AndroidManifest.xml:45:17-82
53        </service>
54
55        <activity
55-->[com.google.android.gms:play-services-auth:19.0.0] AndroidManifest.xml:23:9-27:75
56            android:name="com.google.android.gms.auth.api.signin.internal.SignInHubActivity"
56-->[com.google.android.gms:play-services-auth:19.0.0] AndroidManifest.xml:24:13-93
57            android:excludeFromRecents="true"
57-->[com.google.android.gms:play-services-auth:19.0.0] AndroidManifest.xml:25:13-46
58            android:exported="false"
58-->[com.google.android.gms:play-services-auth:19.0.0] AndroidManifest.xml:26:13-37
59            android:theme="@android:style/Theme.Translucent.NoTitleBar" />
59-->[com.google.android.gms:play-services-auth:19.0.0] AndroidManifest.xml:27:13-72
60        <!--
61            Service handling Google Sign-In user revocation. For apps that do not integrate with
62            Google Sign-In, this service will never be started.
63        -->
64        <service
64-->[com.google.android.gms:play-services-auth:19.0.0] AndroidManifest.xml:33:9-37:51
65            android:name="com.google.android.gms.auth.api.signin.RevocationBoundService"
65-->[com.google.android.gms:play-services-auth:19.0.0] AndroidManifest.xml:34:13-89
66            android:exported="true"
66-->[com.google.android.gms:play-services-auth:19.0.0] AndroidManifest.xml:35:13-36
67            android:permission="com.google.android.gms.auth.api.signin.permission.REVOCATION_NOTIFICATION"
67-->[com.google.android.gms:play-services-auth:19.0.0] AndroidManifest.xml:36:13-107
68            android:visibleToInstantApps="true" />
68-->[com.google.android.gms:play-services-auth:19.0.0] AndroidManifest.xml:37:13-48
69
70        <activity
70-->[com.google.firebase:firebase-auth:20.0.2] AndroidManifest.xml:27:9-44:20
71            android:name="com.google.firebase.auth.internal.GenericIdpActivity"
71-->[com.google.firebase:firebase-auth:20.0.2] AndroidManifest.xml:28:13-80
72            android:excludeFromRecents="true"
72-->[com.google.firebase:firebase-auth:20.0.2] AndroidManifest.xml:29:13-46
73            android:exported="true"
73-->[com.google.firebase:firebase-auth:20.0.2] AndroidManifest.xml:30:13-36
74            android:launchMode="singleTask"
74-->[com.google.firebase:firebase-auth:20.0.2] AndroidManifest.xml:31:13-44
75            android:theme="@android:style/Theme.Translucent.NoTitleBar" >
75-->[com.google.firebase:firebase-auth:20.0.2] AndroidManifest.xml:32:13-72
76            <intent-filter>
76-->[com.google.firebase:firebase-auth:20.0.2] AndroidManifest.xml:33:13-43:29
77                <action android:name="android.intent.action.VIEW" />
77-->[com.google.firebase:firebase-auth:20.0.2] AndroidManifest.xml:34:17-69
77-->[com.google.firebase:firebase-auth:20.0.2] AndroidManifest.xml:34:25-66
78
79                <category android:name="android.intent.category.DEFAULT" />
79-->[com.google.firebase:firebase-auth:20.0.2] AndroidManifest.xml:36:17-76
79-->[com.google.firebase:firebase-auth:20.0.2] AndroidManifest.xml:36:27-73
80                <category android:name="android.intent.category.BROWSABLE" />
80-->[com.google.firebase:firebase-auth:20.0.2] AndroidManifest.xml:37:17-78
80-->[com.google.firebase:firebase-auth:20.0.2] AndroidManifest.xml:37:27-75
81
82                <data
82-->[com.google.firebase:firebase-auth:20.0.2] AndroidManifest.xml:39:17-42:51
83                    android:host="firebase.auth"
83-->[com.google.firebase:firebase-auth:20.0.2] AndroidManifest.xml:40:21-49
84                    android:path="/"
84-->[com.google.firebase:firebase-auth:20.0.2] AndroidManifest.xml:41:21-37
85                    android:scheme="genericidp" />
85-->[com.google.firebase:firebase-auth:20.0.2] AndroidManifest.xml:42:21-48
86            </intent-filter>
87        </activity>
88        <activity
88-->[com.google.firebase:firebase-auth:20.0.2] AndroidManifest.xml:45:9-62:20
89            android:name="com.google.firebase.auth.internal.RecaptchaActivity"
89-->[com.google.firebase:firebase-auth:20.0.2] AndroidManifest.xml:46:13-79
90            android:excludeFromRecents="true"
90-->[com.google.firebase:firebase-auth:20.0.2] AndroidManifest.xml:47:13-46
91            android:exported="true"
91-->[com.google.firebase:firebase-auth:20.0.2] AndroidManifest.xml:48:13-36
92            android:launchMode="singleTask"
92-->[com.google.firebase:firebase-auth:20.0.2] AndroidManifest.xml:49:13-44
93            android:theme="@android:style/Theme.Translucent.NoTitleBar" >
93-->[com.google.firebase:firebase-auth:20.0.2] AndroidManifest.xml:50:13-72
94            <intent-filter>
94-->[com.google.firebase:firebase-auth:20.0.2] AndroidManifest.xml:51:13-61:29
95                <action android:name="android.intent.action.VIEW" />
95-->[com.google.firebase:firebase-auth:20.0.2] AndroidManifest.xml:34:17-69
95-->[com.google.firebase:firebase-auth:20.0.2] AndroidManifest.xml:34:25-66
96
97                <category android:name="android.intent.category.DEFAULT" />
97-->[com.google.firebase:firebase-auth:20.0.2] AndroidManifest.xml:36:17-76
97-->[com.google.firebase:firebase-auth:20.0.2] AndroidManifest.xml:36:27-73
98                <category android:name="android.intent.category.BROWSABLE" />
98-->[com.google.firebase:firebase-auth:20.0.2] AndroidManifest.xml:37:17-78
98-->[com.google.firebase:firebase-auth:20.0.2] AndroidManifest.xml:37:27-75
99
100                <data
100-->[com.google.firebase:firebase-auth:20.0.2] AndroidManifest.xml:39:17-42:51
101                    android:host="firebase.auth"
101-->[com.google.firebase:firebase-auth:20.0.2] AndroidManifest.xml:40:21-49
102                    android:path="/"
102-->[com.google.firebase:firebase-auth:20.0.2] AndroidManifest.xml:41:21-37
103                    android:scheme="recaptcha" />
103-->[com.google.firebase:firebase-auth:20.0.2] AndroidManifest.xml:42:21-48
104            </intent-filter>
105        </activity>
106
107        <service
107-->[com.google.firebase:firebase-auth:20.0.2] AndroidManifest.xml:64:9-73:19
108            android:name="com.google.firebase.auth.api.fallback.service.FirebaseAuthFallbackService"
108-->[com.google.firebase:firebase-auth:20.0.2] AndroidManifest.xml:65:13-101
109            android:enabled="true"
109-->[com.google.firebase:firebase-auth:20.0.2] AndroidManifest.xml:66:13-35
110            android:exported="false" >
110-->[com.google.firebase:firebase-auth:20.0.2] AndroidManifest.xml:67:13-37
111            <intent-filter>
111-->[com.google.firebase:firebase-auth:20.0.2] AndroidManifest.xml:68:13-72:29
112                <action android:name="com.google.firebase.auth.api.gms.service.START" />
112-->[com.google.firebase:firebase-auth:20.0.2] AndroidManifest.xml:69:17-89
112-->[com.google.firebase:firebase-auth:20.0.2] AndroidManifest.xml:69:25-86
113
114                <category android:name="android.intent.category.DEFAULT" />
114-->[com.google.firebase:firebase-auth:20.0.2] AndroidManifest.xml:36:17-76
114-->[com.google.firebase:firebase-auth:20.0.2] AndroidManifest.xml:36:27-73
115            </intent-filter>
116        </service>
117
118        <activity
118-->[com.google.android.gms:play-services-base:17.1.0] AndroidManifest.xml:23:9-26:75
119            android:name="com.google.android.gms.common.api.GoogleApiActivity"
119-->[com.google.android.gms:play-services-base:17.1.0] AndroidManifest.xml:24:13-79
120            android:exported="false"
120-->[com.google.android.gms:play-services-base:17.1.0] AndroidManifest.xml:25:13-37
121            android:theme="@android:style/Theme.Translucent.NoTitleBar" />
121-->[com.google.android.gms:play-services-base:17.1.0] AndroidManifest.xml:26:13-72
122
123        <provider
123-->[com.google.firebase:firebase-common:19.5.0] AndroidManifest.xml:26:9-31:39
124            android:name="com.google.firebase.provider.FirebaseInitProvider"
124-->[com.google.firebase:firebase-common:19.5.0] AndroidManifest.xml:27:13-77
125            android:authorities="com.gini.skilltest.firebaseinitprovider"
125-->[com.google.firebase:firebase-common:19.5.0] AndroidManifest.xml:28:13-72
126            android:directBootAware="true"
126-->[com.google.firebase:firebase-common:19.5.0] AndroidManifest.xml:29:13-43
127            android:exported="false"
127-->[com.google.firebase:firebase-common:19.5.0] AndroidManifest.xml:30:13-37
128            android:initOrder="100" />
128-->[com.google.firebase:firebase-common:19.5.0] AndroidManifest.xml:31:13-36
129
130        <meta-data
130-->[com.google.android.gms:play-services-basement:17.1.1] AndroidManifest.xml:23:9-25:69
131            android:name="com.google.android.gms.version"
131-->[com.google.android.gms:play-services-basement:17.1.1] AndroidManifest.xml:24:13-58
132            android:value="@integer/google_play_services_version" />
132-->[com.google.android.gms:play-services-basement:17.1.1] AndroidManifest.xml:25:13-66
133
134        <provider
134-->[androidx.lifecycle:lifecycle-process:2.0.0] AndroidManifest.xml:23:9-27:43
135            android:name="androidx.lifecycle.ProcessLifecycleOwnerInitializer"
135-->[androidx.lifecycle:lifecycle-process:2.0.0] AndroidManifest.xml:24:13-79
136            android:authorities="com.gini.skilltest.lifecycle-process"
136-->[androidx.lifecycle:lifecycle-process:2.0.0] AndroidManifest.xml:25:13-69
137            android:exported="false"
137-->[androidx.lifecycle:lifecycle-process:2.0.0] AndroidManifest.xml:26:13-37
138            android:multiprocess="true" />
138-->[androidx.lifecycle:lifecycle-process:2.0.0] AndroidManifest.xml:27:13-40
139    </application>
140
141</manifest>